\\vboxsvr\documents\ii\mes\vs\ii\x64\debug\ii.ilk
\\vboxsvr\documents\ii\mes\vs\ii\x64\debug\ii.exe
\\vboxsvr\documents\ii\mes\vs\ii\x64\debug\ii.pdb
\\vboxsvr\documents\ii\mes\vs\ii\x64\debug\vc142.pdb
\\vboxsvr\documents\ii\mes\vs\ii\x64\debug\vc142.idb
\\vboxsvr\documents\ii\mes\vs\ii\x64\debug\unit.obj
\\vboxsvr\documents\ii\mes\vs\ii\x64\debug\tinyxml2.obj
\\vboxsvr\documents\ii\mes\vs\ii\x64\debug\random.obj
\\vboxsvr\documents\ii\mes\vs\ii\x64\debug\order.obj
\\vboxsvr\documents\ii\mes\vs\ii\x64\debug\opcua.obj
\\vboxsvr\documents\ii\mes\vs\ii\x64\debug\main.obj
\\vboxsvr\documents\ii\mes\vs\ii\x64\debug\factory.obj
\\vboxsvr\documents\ii\mes\vs\ii\x64\debug\database.obj
\\vboxsvr\documents\ii\mes\vs\ii\x64\debug\cell.obj
\\vboxsvr\documents\ii\mes\vs\ii\x64\debug\open62541.obj
\\vboxsvr\documents\ii\mes\vs\ii\x64\debug\ii.tlog\link.command.1.tlog
\\vboxsvr\documents\ii\mes\vs\ii\x64\debug\ii.tlog\link.read.1.tlog
\\vboxsvr\documents\ii\mes\vs\ii\x64\debug\ii.tlog\cl.read.1.tlog
\\vboxsvr\documents\ii\mes\vs\ii\x64\debug\ii.tlog\link.write.1.tlog
\\vboxsvr\documents\ii\mes\vs\ii\x64\debug\ii.tlog\cl.command.1.tlog
\\vboxsvr\documents\ii\mes\vs\ii\x64\debug\ii.tlog\cl.write.1.tlog
